<?xml version="1.0" encoding="UTF-8"?>
<testsuite xmlns:xsi="http://www.w3.org/2001/XMLSchema-instance" xsi:noNamespaceSchemaLocation="https://maven.apache.org/surefire/maven-surefire-plugin/xsd/surefire-test-report.xsd" name="com.example.loginservice.LoginServiceApplicationTests" time="17.061" tests="7" errors="1" skipped="0" failures="0">
  <properties>
[...]
</properties>
  <testcase name="getKaptcha" classname="com.example.loginservice.LoginServiceApplicationTests" time="2.589"/>
  <testcase name="test2" classname="com.example.loginservice.LoginServiceApplicationTests" time="0.006"/>
  <testcase name="test3" classname="com.example.loginservice.LoginServiceApplicationTests" time="0.696"/>
  <testcase name="test4" classname="com.example.loginservice.LoginServiceApplicationTests" time="0.144"/>
  <testcase name="test8" classname="com.example.loginservice.LoginServiceApplicationTests" time="0"/>
  <testcase name="test9" classname="com.example.loginservice.LoginServiceApplicationTests" time="0.003">
    <error type="java.lang.UnsupportedOperationException">java.lang.UnsupportedOperationException
	at com.example.loginservice.LoginServiceApplicationTests.test9(LoginServiceApplicationTests.java:132)
</error>
  </testcase>
  <testcase name="contextLoads" classname="com.example.loginservice.LoginServiceApplicationTests" time="0.209"/>
</testsuite>